[2019-08-03 20:40:39.841] [exthost] [info] extension host started
[2019-08-03 20:40:39.931] [exthost] [info] ExtensionService#_doActivateExtension vscode.extension-editing {"startup":false,"activationEvent":"onLanguage:typescript"}
[2019-08-03 20:40:39.931] [exthost] [info] ExtensionService#loadCommonJSModule /home/giovanni/.apps/VSCode-linux-x64/resources/app/extensions/extension-editing/dist/extension
[2019-08-03 20:40:40.023] [exthost] [info] ExtensionService#_doActivateExtension vscode.typescript-language-features {"startup":false,"activationEvent":"onLanguage:typescript"}
[2019-08-03 20:40:40.023] [exthost] [info] ExtensionService#loadCommonJSModule /home/giovanni/.apps/VSCode-linux-x64/resources/app/extensions/typescript-language-features/dist/extension
[2019-08-03 20:40:40.170] [exthost] [info] ExtensionService#_doActivateExtension Angular.ng-template {"startup":false,"activationEvent":"onLanguage:typescript"}
[2019-08-03 20:40:40.170] [exthost] [info] ExtensionService#loadCommonJSModule /home/giovanni/.vscode/extensions/angular.ng-template-0.801.1/out/extension
[2019-08-03 20:40:40.470] [exthost] [info] ExtensionService#_doActivateExtension ms-vscode.vscode-typescript-tslint-plugin {"startup":false,"activationEvent":"onLanguage:typescript"}
[2019-08-03 20:40:40.470] [exthost] [info] ExtensionService#loadCommonJSModule /home/giovanni/.vscode/extensions/ms-vscode.vscode-typescript-tslint-plugin-1.2.2/out/index.js
[2019-08-03 20:40:40.498] [exthost] [info] ExtensionService#_doActivateExtension VisualStudioExptTeam.vscodeintellicode {"startup":false,"activationEvent":"onLanguage:typescript"}
[2019-08-03 20:40:40.498] [exthost] [info] ExtensionService#loadCommonJSModule /home/giovanni/.vscode/extensions/visualstudioexptteam.vscodeintellicode-1.1.8/dist/intellicode
[2019-08-03 20:40:40.779] [exthost] [info] ExtensionService#_doActivateExtension vscode.debug-auto-launch {"startup":true,"activationEvent":"*"}
[2019-08-03 20:40:40.779] [exthost] [info] ExtensionService#loadCommonJSModule /home/giovanni/.apps/VSCode-linux-x64/resources/app/extensions/debug-auto-launch/dist/extension
[2019-08-03 20:40:40.793] [exthost] [info] ExtensionService#_doActivateExtension vscode.emmet {"startup":true,"activationEvent":"*"}
[2019-08-03 20:40:40.793] [exthost] [info] ExtensionService#loadCommonJSModule /home/giovanni/.apps/VSCode-linux-x64/resources/app/extensions/emmet/dist/extension
[2019-08-03 20:40:40.829] [exthost] [info] ExtensionService#_doActivateExtension vscode.git {"startup":true,"activationEvent":"*"}
[2019-08-03 20:40:40.829] [exthost] [info] ExtensionService#loadCommonJSModule /home/giovanni/.apps/VSCode-linux-x64/resources/app/extensions/git/dist/main
[2019-08-03 20:40:40.979] [exthost] [info] ExtensionService#_doActivateExtension vscode.merge-conflict {"startup":true,"activationEvent":"*"}
[2019-08-03 20:40:40.979] [exthost] [info] ExtensionService#loadCommonJSModule /home/giovanni/.apps/VSCode-linux-x64/resources/app/extensions/merge-conflict/dist/extension
[2019-08-03 20:40:41.003] [exthost] [info] ExtensionService#_doActivateExtension michelemelluso.code-beautifier {"startup":true,"activationEvent":"*"}
[2019-08-03 20:40:41.003] [exthost] [info] ExtensionService#loadCommonJSModule /home/giovanni/.vscode/extensions/michelemelluso.code-beautifier-2.3.3/out/src/extension
[2019-08-03 20:40:41.082] [exthost] [info] ExtensionService#_doActivateExtension vscode-icons-team.vscode-icons {"startup":true,"activationEvent":"*"}
[2019-08-03 20:40:41.082] [exthost] [info] ExtensionService#loadCommonJSModule /home/giovanni/.vscode/extensions/vscode-icons-team.vscode-icons-9.2.0/dist/src/vscode-icons.bundle.js
[2019-08-03 20:40:42.465] [exthost] [info] ExtensionService#_doActivateExtension vscjava.vscode-maven {"startup":true,"activationEvent":"workspaceContains:**/pom.xml"}
[2019-08-03 20:40:42.465] [exthost] [info] ExtensionService#loadCommonJSModule /home/giovanni/.vscode/extensions/vscjava.vscode-maven-0.18.1/dist/extension
[2019-08-03 20:40:42.861] [exthost] [info] eager extensions activated
[2019-08-03 20:40:51.522] [exthost] [info] ExtensionService#_doActivateExtension vscode.configuration-editing {"startup":false,"activationEvent":"onLanguage:jsonc"}
[2019-08-03 20:40:51.522] [exthost] [info] ExtensionService#loadCommonJSModule /home/giovanni/.apps/VSCode-linux-x64/resources/app/extensions/configuration-editing/dist/extension
[2019-08-03 20:40:51.584] [exthost] [info] ExtensionService#_doActivateExtension vscode.json-language-features {"startup":false,"activationEvent":"onLanguage:jsonc"}
[2019-08-03 20:40:51.584] [exthost] [info] ExtensionService#loadCommonJSModule /home/giovanni/.apps/VSCode-linux-x64/resources/app/extensions/json-language-features/client/dist/jsonMain
