[2019-08-02 21:42:12.455] [exthost] [info] extension host started
[2019-08-02 21:42:12.519] [exthost] [info] ExtensionService#_doActivateExtension vscode.extension-editing {"startup":false,"activationEvent":"onLanguage:typescript"}
[2019-08-02 21:42:12.519] [exthost] [info] ExtensionService#loadCommonJSModule /home/giovanni/.apps/VSCode-linux-x64/resources/app/extensions/extension-editing/dist/extension
[2019-08-02 21:42:12.606] [exthost] [info] ExtensionService#_doActivateExtension vscode.typescript-language-features {"startup":false,"activationEvent":"onLanguage:typescript"}
[2019-08-02 21:42:12.606] [exthost] [info] ExtensionService#loadCommonJSModule /home/giovanni/.apps/VSCode-linux-x64/resources/app/extensions/typescript-language-features/dist/extension
[2019-08-02 21:42:12.730] [exthost] [info] ExtensionService#_doActivateExtension Angular.ng-template {"startup":false,"activationEvent":"onLanguage:typescript"}
[2019-08-02 21:42:12.730] [exthost] [info] ExtensionService#loadCommonJSModule /home/giovanni/.vscode/extensions/angular.ng-template-0.801.1/out/extension
[2019-08-02 21:42:12.822] [exthost] [info] ExtensionService#_doActivateExtension ms-vscode.vscode-typescript-tslint-plugin {"startup":false,"activationEvent":"onLanguage:typescript"}
[2019-08-02 21:42:12.822] [exthost] [info] ExtensionService#loadCommonJSModule /home/giovanni/.vscode/extensions/ms-vscode.vscode-typescript-tslint-plugin-1.2.2/out/index.js
[2019-08-02 21:42:12.827] [exthost] [info] ExtensionService#_doActivateExtension VisualStudioExptTeam.vscodeintellicode {"startup":false,"activationEvent":"onLanguage:typescript"}
[2019-08-02 21:42:12.827] [exthost] [info] ExtensionService#loadCommonJSModule /home/giovanni/.vscode/extensions/visualstudioexptteam.vscodeintellicode-1.1.8/dist/intellicode
[2019-08-02 21:42:13.117] [exthost] [info] ExtensionService#_doActivateExtension vscode.debug-auto-launch {"startup":true,"activationEvent":"*"}
[2019-08-02 21:42:13.117] [exthost] [info] ExtensionService#loadCommonJSModule /home/giovanni/.apps/VSCode-linux-x64/resources/app/extensions/debug-auto-launch/dist/extension
[2019-08-02 21:42:13.121] [exthost] [info] ExtensionService#_doActivateExtension vscode.emmet {"startup":true,"activationEvent":"*"}
[2019-08-02 21:42:13.121] [exthost] [info] ExtensionService#loadCommonJSModule /home/giovanni/.apps/VSCode-linux-x64/resources/app/extensions/emmet/dist/extension
[2019-08-02 21:42:13.145] [exthost] [info] ExtensionService#_doActivateExtension vscode.git {"startup":true,"activationEvent":"*"}
[2019-08-02 21:42:13.145] [exthost] [info] ExtensionService#loadCommonJSModule /home/giovanni/.apps/VSCode-linux-x64/resources/app/extensions/git/dist/main
[2019-08-02 21:42:13.282] [exthost] [info] ExtensionService#_doActivateExtension vscode.merge-conflict {"startup":true,"activationEvent":"*"}
[2019-08-02 21:42:13.282] [exthost] [info] ExtensionService#loadCommonJSModule /home/giovanni/.apps/VSCode-linux-x64/resources/app/extensions/merge-conflict/dist/extension
[2019-08-02 21:42:13.288] [exthost] [info] ExtensionService#_doActivateExtension michelemelluso.code-beautifier {"startup":true,"activationEvent":"*"}
[2019-08-02 21:42:13.288] [exthost] [info] ExtensionService#loadCommonJSModule /home/giovanni/.vscode/extensions/michelemelluso.code-beautifier-2.3.3/out/src/extension
[2019-08-02 21:42:13.314] [exthost] [info] ExtensionService#_doActivateExtension vscode-icons-team.vscode-icons {"startup":true,"activationEvent":"*"}
[2019-08-02 21:42:13.314] [exthost] [info] ExtensionService#loadCommonJSModule /home/giovanni/.vscode/extensions/vscode-icons-team.vscode-icons-9.2.0/dist/src/vscode-icons.bundle.js
[2019-08-02 21:42:14.213] [exthost] [info] ExtensionService#_doActivateExtension vscjava.vscode-maven {"startup":true,"activationEvent":"workspaceContains:**/pom.xml"}
[2019-08-02 21:42:14.213] [exthost] [info] ExtensionService#loadCommonJSModule /home/giovanni/.vscode/extensions/vscjava.vscode-maven-0.18.1/dist/extension
[2019-08-02 21:42:15.233] [exthost] [info] eager extensions activated
[2019-08-02 21:42:24.120] [exthost] [info] ExtensionService#_doActivateExtension vscode.configuration-editing {"startup":false,"activationEvent":"onLanguage:jsonc"}
[2019-08-02 21:42:24.120] [exthost] [info] ExtensionService#loadCommonJSModule /home/giovanni/.apps/VSCode-linux-x64/resources/app/extensions/configuration-editing/dist/extension
[2019-08-02 21:42:24.137] [exthost] [info] ExtensionService#_doActivateExtension vscode.json-language-features {"startup":false,"activationEvent":"onLanguage:jsonc"}
[2019-08-02 21:42:24.137] [exthost] [info] ExtensionService#loadCommonJSModule /home/giovanni/.apps/VSCode-linux-x64/resources/app/extensions/json-language-features/client/dist/jsonMain
