[2019-08-02 19:13:13.525] [exthost] [info] extension host started
[2019-08-02 19:13:13.541] [exthost] [info] ExtensionService#_doActivateExtension vscode.debug-auto-launch {"startup":true,"activationEvent":"*"}
[2019-08-02 19:13:13.541] [exthost] [info] ExtensionService#loadCommonJSModule /home/giovanni/.apps/VSCode-linux-x64/resources/app/extensions/debug-auto-launch/dist/extension
[2019-08-02 19:13:13.544] [exthost] [info] ExtensionService#_doActivateExtension vscode.emmet {"startup":true,"activationEvent":"*"}
[2019-08-02 19:13:13.544] [exthost] [info] ExtensionService#loadCommonJSModule /home/giovanni/.apps/VSCode-linux-x64/resources/app/extensions/emmet/dist/extension
[2019-08-02 19:13:13.562] [exthost] [info] ExtensionService#_doActivateExtension vscode.git {"startup":true,"activationEvent":"*"}
[2019-08-02 19:13:13.562] [exthost] [info] ExtensionService#loadCommonJSModule /home/giovanni/.apps/VSCode-linux-x64/resources/app/extensions/git/dist/main
[2019-08-02 19:13:13.648] [exthost] [info] ExtensionService#_doActivateExtension vscode.merge-conflict {"startup":true,"activationEvent":"*"}
[2019-08-02 19:13:13.648] [exthost] [info] ExtensionService#loadCommonJSModule /home/giovanni/.apps/VSCode-linux-x64/resources/app/extensions/merge-conflict/dist/extension
[2019-08-02 19:13:13.653] [exthost] [info] eager extensions activated
[2019-08-02 19:37:33.055] [exthost] [info] ExtensionService#_doActivateExtension vscode.configuration-editing {"startup":false,"activationEvent":"onLanguage:jsonc"}
[2019-08-02 19:37:33.055] [exthost] [info] ExtensionService#loadCommonJSModule /home/giovanni/.apps/VSCode-linux-x64/resources/app/extensions/configuration-editing/dist/extension
[2019-08-02 19:37:33.065] [exthost] [info] ExtensionService#_doActivateExtension vscode.json-language-features {"startup":false,"activationEvent":"onLanguage:jsonc"}
[2019-08-02 19:37:33.065] [exthost] [info] ExtensionService#loadCommonJSModule /home/giovanni/.apps/VSCode-linux-x64/resources/app/extensions/json-language-features/client/dist/jsonMain
[2019-08-02 19:37:33.137] [exthost] [info] ExtensionService#_doActivateExtension vscode.typescript-language-features {"startup":false,"activationEvent":"onLanguage:jsonc"}
[2019-08-02 19:37:33.137] [exthost] [info] ExtensionService#loadCommonJSModule /home/giovanni/.apps/VSCode-linux-x64/resources/app/extensions/typescript-language-features/dist/extension
[2019-08-02 19:37:39.045] [exthost] [info] extension host started
[2019-08-02 19:37:39.075] [exthost] [info] ExtensionService#_doActivateExtension vscode.debug-auto-launch {"startup":true,"activationEvent":"*"}
[2019-08-02 19:37:39.075] [exthost] [info] ExtensionService#loadCommonJSModule /home/giovanni/.apps/VSCode-linux-x64/resources/app/extensions/debug-auto-launch/dist/extension
[2019-08-02 19:37:39.077] [exthost] [info] ExtensionService#_doActivateExtension vscode.emmet {"startup":true,"activationEvent":"*"}
[2019-08-02 19:37:39.077] [exthost] [info] ExtensionService#loadCommonJSModule /home/giovanni/.apps/VSCode-linux-x64/resources/app/extensions/emmet/dist/extension
[2019-08-02 19:37:39.082] [exthost] [info] ExtensionService#_doActivateExtension vscode.git {"startup":true,"activationEvent":"*"}
[2019-08-02 19:37:39.082] [exthost] [info] ExtensionService#loadCommonJSModule /home/giovanni/.apps/VSCode-linux-x64/resources/app/extensions/git/dist/main
[2019-08-02 19:37:39.115] [exthost] [info] ExtensionService#_doActivateExtension vscode.merge-conflict {"startup":true,"activationEvent":"*"}
[2019-08-02 19:37:39.115] [exthost] [info] ExtensionService#loadCommonJSModule /home/giovanni/.apps/VSCode-linux-x64/resources/app/extensions/merge-conflict/dist/extension
[2019-08-02 19:37:39.118] [exthost] [info] eager extensions activated
[2019-08-02 19:39:47.456] [exthost] [info] ExtensionService#_doActivateExtension vscode.configuration-editing {"startup":false,"activationEvent":"onLanguage:jsonc"}
[2019-08-02 19:39:47.456] [exthost] [info] ExtensionService#loadCommonJSModule /home/giovanni/.apps/VSCode-linux-x64/resources/app/extensions/configuration-editing/dist/extension
[2019-08-02 19:39:47.459] [exthost] [info] ExtensionService#_doActivateExtension vscode.json-language-features {"startup":false,"activationEvent":"onLanguage:jsonc"}
[2019-08-02 19:39:47.459] [exthost] [info] ExtensionService#loadCommonJSModule /home/giovanni/.apps/VSCode-linux-x64/resources/app/extensions/json-language-features/client/dist/jsonMain
[2019-08-02 19:39:47.474] [exthost] [info] ExtensionService#_doActivateExtension vscode.typescript-language-features {"startup":false,"activationEvent":"onLanguage:jsonc"}
[2019-08-02 19:39:47.474] [exthost] [info] ExtensionService#loadCommonJSModule /home/giovanni/.apps/VSCode-linux-x64/resources/app/extensions/typescript-language-features/dist/extension
